<?xml version="1.0" encoding="UTF-8"?>
<testsuite xmlns:xsi="http://www.w3.org/2001/XMLSchema-instance" xsi:noNamespaceSchemaLocation="https://maven.apache.org/surefire/maven-surefire-plugin/xsd/surefire-test-report.xsd" name="br.com.restassuredapitesting.runners.AllTests" time="16.421" tests="5" errors="0" skipped="0" failures="1">
  <properties>
[...]
</properties>
  <testcase name="validaApiOnline" classname="br.com.restassuredapitesting.tests.ping.tests.GetPingTest" time="6.227"/>
  <testcase name="validaListagemDeIdsDasReservas" classname="br.com.restassuredapitesting.tests.booking.tests.GetBookingTest" time="1.874"/>
  <testcase name="validaSchemaDaListagemDeReservas" classname="br.com.restassuredapitesting.tests.booking.tests.GetBookingTest" time="2.196"/>
  <testcase name="validaRetornoDeTokenParaUsuario" classname="br.com.restassuredapitesting.tests.auth.tests.PostAuthTest" time="0.985">
    <failure message="1 expectation failed.&#10;Expected status code &lt;400&gt; but was &lt;200&gt;.&#10;" type="java.lang.AssertionError"><![CDATA[java.lang.AssertionError: 
1 expectation failed.
Expected status code <400> but was <200>.

	at br.com.restassuredapitesting.tests.auth.tests.PostAuthTest.validaRetornoDeTokenParaUsuario(PostAuthTest.java:28)
]]></failure>
  </testcase>
  <testcase name="validarAlteracaoDeUmaReservaUtilizandoToken" classname="br.com.restassuredapitesting.tests.booking.tests.PutBookingTest" time="2.823"/>
</testsuite>